<?xml version="1.0" encoding="UTF-8"?>
<!-- Generated by org.testng.reporters.JUnitReportReporter -->
<testsuite hostname="DESKTOP-FV7RRV1" failures="0" tests="1" name="testCases.Account_Registration_TC001" time="27.919" errors="0" timestamp="2025-07-04T23:09:49 IST" skipped="0">
  <testcase classname="testCases.Account_Registration_TC001" name="verify_account_registration_TC001" time="27.919"/>
  <system-out/>
</testsuite> <!-- testCases.Account_Registration_TC001 -->
